<?xml version="1.0" encoding="UTF-8"?>
<!-- Generated by org.testng.reporters.JUnitXMLReporter -->
<testsuite ignored="0" hostname="ashish" failures="1" tests="3" name="Test" time="25.27" errors="0" timestamp="2023-11-23T21:31:39 IST">
  <testcase classname="Test_Scenarios.TestMethod_Google_Search" name="SearchOperation" time="2.737"/>
  <testcase classname="Test_Scenarios.TestMethod_Google_Search" name="verifyFcebbokAccess" time="2.96"/>
  <testcase classname="Test_Scenarios.TestMethod_Google_Search" name="verify_Facebook_login" time="13.049">
    <failure type="java.lang.AssertionError" message="expected [Facebook] but found [Log in to Facebook]">
      <![CDATA[java.lang.AssertionError: expected [Facebook] but found [Log in to Facebook]
at Objects.Facebookpage.clickbtn(Facebookpage.java:31)
at Test_Scenarios.TestMethod_Google_Search.verify_Facebook_login(TestMethod_Google_Search.java:50)
at java.base/java.util.ArrayList.forEach(ArrayList.java:1511)
... Removed 33 stack frames]]>
    </failure>
  </testcase> <!-- verify_Facebook_login -->
</testsuite> <!-- Test -->
