<?xml version="1.0" encoding="UTF-8"?>
<!-- Generated by org.testng.reporters.JUnitXMLReporter -->
<testsuite ignored="0" hostname="ashish" failures="0" tests="3" name="Default test" time="21.601" errors="0" timestamp="2023-10-08T19:09:47 IST">
  <testcase classname="Test_Scenarios.TestMethod_Google_Search" name="SearchOperation" time="2.764"/>
  <testcase classname="Test_Scenarios.TestMethod_Google_Search" name="verifyFcebbokAccess" time="2.774"/>
  <testcase classname="Test_Scenarios.TestMethod_Google_Search" name="verify_Facebook_login" time="12.065"/>
</testsuite> <!-- Default test -->
