<?xml version="1.0" encoding="UTF-8"?>
<testng-results ignored="0" total="3" passed="3" failed="0" skipped="0">
  <reporter-output>
  </reporter-output>
  <suite started-at="2023-10-08T17:22:09 IST" name="Surefire suite" finished-at="2023-10-08T17:22:36 IST" duration-ms="27490">
    <groups>
    </groups>
    <test started-at="2023-10-08T17:22:09 IST" name="Surefire test" finished-at="2023-10-08T17:22:36 IST" duration-ms="27490">
      <class name="Test_Scenarios.TestMethod_Google_Search">
        <test-method is-config="true" signature="beforetest()[pri:0, instance:Test_Scenarios.TestMethod_Google_Search@483f6d77]" started-at="2023-10-08T17:22:09 IST" name="beforetest" finished-at="2023-10-08T17:22:14 IST" duration-ms="4997" status="PASS">
          <reporter-output>
          </reporter-output>
        </test-method> <!-- beforetest -->
        <test-method signature="SearchOperation()[pri:0, instance:Test_Scenarios.TestMethod_Google_Search@483f6d77]" started-at="2023-10-08T17:22:14 IST" name="SearchOperation" finished-at="2023-10-08T17:22:16 IST" duration-ms="2826" status="PASS">
          <reporter-output>
          </reporter-output>
        </test-method> <!-- SearchOperation -->
        <test-method signature="verifyFcebbokAccess()[pri:0, instance:Test_Scenarios.TestMethod_Google_Search@483f6d77]" started-at="2023-10-08T17:22:16 IST" name="verifyFcebbokAccess" finished-at="2023-10-08T17:22:20 IST" duration-ms="3515" status="PASS">
          <reporter-output>
          </reporter-output>
        </test-method> <!-- verifyFcebbokAccess -->
        <test-method signature="verify_Facebook_login()[pri:0, instance:Test_Scenarios.TestMethod_Google_Search@483f6d77]" started-at="2023-10-08T17:22:20 IST" name="verify_Facebook_login" finished-at="2023-10-08T17:22:36 IST" duration-ms="15990" status="PASS">
          <reporter-output>
          </reporter-output>
        </test-method> <!-- verify_Facebook_login -->
        <test-method is-config="true" signature="aftertest()[pri:0, instance:Test_Scenarios.TestMethod_Google_Search@483f6d77]" started-at="2023-10-08T17:22:36 IST" name="aftertest" finished-at="2023-10-08T17:22:36 IST" duration-ms="0" status="PASS">
          <reporter-output>
          </reporter-output>
        </test-method> <!-- aftertest -->
      </class> <!-- Test_Scenarios.TestMethod_Google_Search -->
    </test> <!-- Surefire test -->
  </suite> <!-- Surefire suite -->
</testng-results>
