<?xml version="1.0" encoding="UTF-8"?>
<!-- Generated by org.testng.reporters.JUnitXMLReporter -->
<testsuite ignored="0" hostname="ashish" failures="0" tests="3" name="Surefire test" time="27.49" errors="0" timestamp="2023-10-08T17:22:36 IST">
  <testcase classname="Test_Scenarios.TestMethod_Google_Search" name="SearchOperation" time="2.826"/>
  <testcase classname="Test_Scenarios.TestMethod_Google_Search" name="verifyFcebbokAccess" time="3.515"/>
  <testcase classname="Test_Scenarios.TestMethod_Google_Search" name="verify_Facebook_login" time="15.99"/>
</testsuite> <!-- Surefire test -->
